# JRE version: OpenJDK Runtime Environment (8.0_152-b01) (build 1.8.0_152-release-915-b01)
# Java VM: OpenJDK 64-Bit Server VM (25.152-b01 mixed mode linux-amd64 compressed oops)
Heap:
 PSYoungGen      total 400896K, used 15294K [0x00000000e0000000, 0x0000000100000000, 0x0000000100000000)
  eden space 343040K, 0% used [0x00000000e0000000,0x00000000e0000000,0x00000000f4f00000)
  from space 57856K, 26% used [0x00000000fc780000,0x00000000fd66fb70,0x0000000100000000)
  to   space 90624K, 0% used [0x00000000f4f00000,0x00000000f4f00000,0x00000000fa780000)
 ParOldGen       total 138752K, used 138615K [0x00000000a0000000, 0x00000000a8780000, 0x00000000e0000000)
  object space 138752K, 99% used [0x00000000a0000000,0x00000000a875df50,0x00000000a8780000)
 Metaspace       used 73375K, capacity 75634K, committed 78720K, reserved 1118208K
  class space    used 8970K, capacity 9311K, committed 10112K, reserved 1048576K
GC Heap History (10 events):
Event: 3228.135 GC heap after
Heap after GC invocations=31 (full 8):
 PSYoungGen      total 383488K, used 28146K [0x00000000e0000000, 0x0000000100000000, 0x0000000100000000)
  eden space 355328K, 0% used [0x00000000e0000000,0x00000000e0000000,0x00000000f5b00000)
  from space 28160K, 99% used [0x00000000f5b00000,0x00000000f767cbb0,0x00000000f7680000)
  to   space 45056K, 0% used [0x00000000fd400000,0x00000000fd400000,0x0000000100000000)
 ParOldGen       total 103424K, used 80320K [0x00000000a0000000, 0x00000000a6500000, 0x00000000e0000000)
  object space 103424K, 77% used [0x00000000a0000000,0x00000000a4e70040,0x00000000a6500000)
 Metaspace       used 74851K, capacity 78188K, committed 78464K, reserved 1118208K
  class space    used 9386K, capacity 9986K, committed 10112K, reserved 1048576K
}
Event: 3230.104 GC heap before
{Heap before GC invocations=32 (full 8):
 PSYoungGen      total 383488K, used 383474K [0x00000000e0000000, 0x0000000100000000, 0x0000000100000000)
  eden space 355328K, 100% used [0x00000000e0000000,0x00000000f5b00000,0x00000000f5b00000)
  from space 28160K, 99% used [0x00000000f5b00000,0x00000000f767cbb0,0x00000000f7680000)
  to   space 45056K, 0% used [0x00000000fd400000,0x00000000fd400000,0x0000000100000000)
 ParOldGen       total 103424K, used 80320K [0x00000000a0000000, 0x00000000a6500000, 0x00000000e0000000)
  object space 103424K, 77% used [0x00000000a0000000,0x00000000a4e70040,0x00000000a6500000)
 Metaspace       used 75159K, capacity 78508K, committed 78720K, reserved 1118208K
  class space    used 9387K, capacity 9986K, committed 10112K, reserved 1048576K
Event: 3230.243 GC heap after
Heap after GC invocations=32 (full 8):
 PSYoungGen      total 456704K, used 45035K [0x00000000e0000000, 0x0000000100000000, 0x0000000100000000)
  eden space 411648K, 0% used [0x00000000e0000000,0x00000000e0000000,0x00000000f9200000)
  from space 45056K, 99% used [0x00000000fd400000,0x00000000ffffafa8,0x0000000100000000)
  to   space 56320K, 0% used [0x00000000f9200000,0x00000000f9200000,0x00000000fc900000)
 ParOldGen       total 103424K, used 90691K [0x00000000a0000000, 0x00000000a6500000, 0x00000000e0000000)
  object space 103424K, 87% used [0x00000000a0000000,0x00000000a5890db8,0x00000000a6500000)
 Metaspace       used 75159K, capacity 78508K, committed 78720K, reserved 1118208K
  class space    used 9387K, capacity 9986K, committed 10112K, reserved 1048576K
}
Event: 3230.243 GC heap before
{Heap before GC invocations=33 (full 9):
 PSYoungGen      total 456704K, used 45035K [0x00000000e0000000, 0x0000000100000000, 0x0000000100000000)
  eden space 411648K, 0% used [0x00000000e0000000,0x00000000e0000000,0x00000000f9200000)
  from space 45056K, 99% used [0x00000000fd400000,0x00000000ffffafa8,0x0000000100000000)
  to   space 56320K, 0% used [0x00000000f9200000,0x00000000f9200000,0x00000000fc900000)
 ParOldGen       total 103424K, used 90691K [0x00000000a0000000, 0x00000000a6500000, 0x00000000e0000000)
  object space 103424K, 87% used [0x00000000a0000000,0x00000000a5890db8,0x00000000a6500000)
 Metaspace       used 75159K, capacity 78508K, committed 78720K, reserved 1118208K
  class space    used 9387K, capacity 9986K, committed 10112K, reserved 1048576K
Event: 3230.753 GC heap after
Heap after GC invocations=33 (full 9):
 PSYoungGen      total 456704K, used 0K [0x00000000e0000000, 0x0000000100000000, 0x0000000100000000)
  eden space 411648K, 0% used [0x00000000e0000000,0x00000000e0000000,0x00000000f9200000)
  from space 45056K, 0% used [0x00000000fd400000,0x00000000fd400000,0x0000000100000000)
  to   space 56320K, 0% used [0x00000000f9200000,0x00000000f9200000,0x00000000fc900000)
 ParOldGen       total 138752K, used 68938K [0x00000000a0000000, 0x00000000a8780000, 0x00000000e0000000)
  object space 138752K, 49% used [0x00000000a0000000,0x00000000a4352a48,0x00000000a8780000)
 Metaspace       used 73146K, capacity 75378K, committed 78720K, reserved 1118208K
  class space    used 8970K, capacity 9311K, committed 10112K, reserved 1048576K
}
Event: 3232.064 GC heap before
{Heap before GC invocations=34 (full 9):
 PSYoungGen      total 456704K, used 411648K [0x00000000e0000000, 0x0000000100000000, 0x0000000100000000)
  eden space 411648K, 100% used [0x00000000e0000000,0x00000000f9200000,0x00000000f9200000)
  from space 45056K, 0% used [0x00000000fd400000,0x00000000fd400000,0x0000000100000000)
  to   space 56320K, 0% used [0x00000000f9200000,0x00000000f9200000,0x00000000fc900000)
 ParOldGen       total 138752K, used 68938K [0x00000000a0000000, 0x00000000a8780000, 0x00000000e0000000)
  object space 138752K, 49% used [0x00000000a0000000,0x00000000a4352a48,0x00000000a8780000)
 Metaspace       used 73268K, capacity 75506K, committed 78720K, reserved 1118208K
  class space    used 8970K, capacity 9311K, committed 10112K, reserved 1048576K
Event: 3232.199 GC heap after
Heap after GC invocations=34 (full 9):
 PSYoungGen      total 466432K, used 54289K [0x00000000e0000000, 0x0000000100000000, 0x0000000100000000)
  eden space 411648K, 0% used [0x00000000e0000000,0x00000000e0000000,0x00000000f9200000)
  from space 54784K, 99% used [0x00000000f9200000,0x00000000fc704770,0x00000000fc780000)
  to   space 57856K, 0% used [0x00000000fc780000,0x00000000fc780000,0x0000000100000000)
 ParOldGen       total 138752K, used 68946K [0x00000000a0000000, 0x00000000a8780000, 0x00000000e0000000)
  object space 138752K, 49% used [0x00000000a0000000,0x00000000a4354a48,0x00000000a8780000)
 Metaspace       used 73268K, capacity 75506K, committed 78720K, reserved 1118208K
  class space    used 8970K, capacity 9311K, committed 10112K, reserved 1048576K
}
Event: 3233.577 GC heap before
{Heap before GC invocations=35 (full 9):
 PSYoungGen      total 466432K, used 465937K [0x00000000e0000000, 0x0000000100000000, 0x0000000100000000)
  eden space 411648K, 100% used [0x00000000e0000000,0x00000000f9200000,0x00000000f9200000)
  from space 54784K, 99% used [0x00000000f9200000,0x00000000fc704770,0x00000000fc780000)
  to   space 57856K, 0% used [0x00000000fc780000,0x00000000fc780000,0x0000000100000000)
 ParOldGen       total 138752K, used 68946K [0x00000000a0000000, 0x00000000a8780000, 0x00000000e0000000)
  object space 138752K, 49% used [0x00000000a0000000,0x00000000a4354a48,0x00000000a8780000)
 Metaspace       used 73375K, capacity 75634K, committed 78720K, reserved 1118208K
  class space    used 8970K, capacity 9311K, committed 10112K, reserved 1048576K
Event: 3233.773 GC heap after
Heap after GC invocations=35 (full 9):
 PSYoungGen      total 400896K, used 57852K [0x00000000e0000000, 0x0000000100000000, 0x0000000100000000)
  eden space 343040K, 0% used [0x00000000e0000000,0x00000000e0000000,0x00000000f4f00000)
  from space 57856K, 99% used [0x00000000fc780000,0x00000000fffff3f8,0x0000000100000000)
  to   space 90624K, 0% used [0x00000000f4f00000,0x00000000f4f00000,0x00000000fa780000)
 ParOldGen       total 138752K, used 113576K [0x00000000a0000000, 0x00000000a8780000, 0x00000000e0000000)
  object space 138752K, 81% used [0x00000000a0000000,0x00000000a6eea340,0x00000000a8780000)
 Metaspace       used 73375K, capacity 75634K, committed 78720K, reserved 1118208K
  class space    used 8970K, capacity 9311K, committed 10112K, reserved 1048576K
}
Event: 3233.773 GC heap before
{Heap before GC invocations=36 (full 10):
 PSYoungGen      total 400896K, used 57852K [0x00000000e0000000, 0x0000000100000000, 0x0000000100000000)
  eden space 343040K, 0% used [0x00000000e0000000,0x00000000e0000000,0x00000000f4f00000)
  from space 57856K, 99% used [0x00000000fc780000,0x00000000fffff3f8,0x0000000100000000)
  to   space 90624K, 0% used [0x00000000f4f00000,0x00000000f4f00000,0x00000000fa780000)
 ParOldGen       total 138752K, used 113576K [0x00000000a0000000, 0x00000000a8780000, 0x00000000e0000000)
  object space 138752K, 81% used [0x00000000a0000000,0x00000000a6eea340,0x00000000a8780000)
 Metaspace       used 73375K, capacity 75634K, committed 78720K, reserved 1118208K
  class space    used 8970K, capacity 9311K, committed 10112K, reserved 1048576K

